l01-157-02-08
m06-091-05-04
n03-106-06-06
a01-011-04-04
a01-049u-01-05
b06-012-04-02
m04-180-05-08
r06-066-03-04
a01-030u-02-00
m01-100-06-02
p06-088-01-05
g06-105-01-03
a01-000u-02-06
g01-074-00-08
g04-068-02-04
d06-086-02-02
k04-068-06-02
f04-087-01-06
m02-109-02-05
g07-026b-02-09
g03-052-07-01
p03-096-04-03
a02-024-01-04
r06-003-00-10
f01-139-00-07
p02-127-06-01
a04-010-01-02
b01-094-04-05
a02-020-06-01
l04-174-04-03
n06-194-05-01
a03-050-01-01
b04-134-09-03
c03-016b-00-06
n04-163-01-05
d06-000-01-02
c03-016a-00-06
p03-121-01-02
n02-045-03-07
c04-028-04-04
g01-070-06-06
f04-046-05-03
d06-107-06-06
b02-097-02-03
p03-189-02-03
l04-098-01-02
m02-080-07-07
e06-030-10-01
a04-035-01-00
l04-052-02-08
n04-202-01-01
n02-120-00-05
a01-030-01-07
a02-008-06-05
p02-008-02-03
n06-175-01-05
p02-139-04-02
k03-152-00-04
g03-032-07-07
b04-107-03-03
n04-139-01-11
a01-049-01-04
c03-016d-00-06
n01-009-02-08
k03-152-07-00
a01-011u-06-03
a01-030x-02-00
a03-071-00-05
a01-000x-02-00
c03-016c-00-06
f01-139-06-07
a01-049x-01-05
a01-011x-06-00
g05-094-03-00
c03-016e-00-06
